2023-03-15 15:51:38,419 INFO o.a.j.u.JMeterUtils: Setting Locale to en_IN
2023-03-15 15:51:38,441 INFO o.a.j.JMeter: Loading user properties from: user.properties
2023-03-15 15:51:38,442 INFO o.a.j.JMeter: Loading system properties from: system.properties
2023-03-15 15:51:38,443 INFO o.a.j.JMeter: Loading additional properties from: C:\Users\avinash.jha\Downloads\apache-jmeter-5.5\apache-jmeter-5.5\bin\user.properties
2023-03-15 15:51:38,449 INFO o.a.j.JMeter: Copyright (c) 1998-2022 The Apache Software Foundation
2023-03-15 15:51:38,450 INFO o.a.j.JMeter: Version 5.5
2023-03-15 15:51:38,450 INFO o.a.j.JMeter: java.version=17.0.6
2023-03-15 15:51:38,450 INFO o.a.j.JMeter: java.vm.name=Java HotSpot(TM) 64-Bit Server VM
2023-03-15 15:51:38,450 INFO o.a.j.JMeter: os.name=Windows 10
2023-03-15 15:51:38,450 INFO o.a.j.JMeter: os.arch=amd64
2023-03-15 15:51:38,450 INFO o.a.j.JMeter: os.version=10.0
2023-03-15 15:51:38,450 INFO o.a.j.JMeter: file.encoding=Cp1252
2023-03-15 15:51:38,450 INFO o.a.j.JMeter: java.awt.headless=true
2023-03-15 15:51:38,450 INFO o.a.j.JMeter: Max memory     =4190109696
2023-03-15 15:51:38,450 INFO o.a.j.JMeter: Available Processors =12
2023-03-15 15:51:38,459 INFO o.a.j.JMeter: Default Locale=English (India)
2023-03-15 15:51:38,459 INFO o.a.j.JMeter: JMeter  Locale=English (India)
2023-03-15 15:51:38,460 INFO o.a.j.JMeter: JMeterHome=C:\Users\avinash.jha\Downloads\apache-jmeter-5.5\apache-jmeter-5.5
2023-03-15 15:51:38,460 INFO o.a.j.JMeter: user.dir  =C:\Users\avinash.jha\Downloads\apache-jmeter-5.5\apache-jmeter-5.5\bin
2023-03-15 15:51:38,460 INFO o.a.j.JMeter: PWD       =C:\Users\avinash.jha\Downloads\apache-jmeter-5.5\apache-jmeter-5.5\bin
2023-03-15 15:51:38,462 INFO o.a.j.JMeter: IP: 192.168.225.121 Name: NDI-LAP-003 FullName: NDI-LAP-003.3pillar.corp
2023-03-15 15:51:38,470 INFO o.a.j.JMeter: Setting property 'jmeter.reportgenerator.outputdir' to:'C:\Users\avinash.jha\Downloads\apache-jmeter-5.5\apache-jmeter-5.5\bin\Reports'
2023-03-15 15:51:38,474 INFO o.a.j.r.d.ReportGenerator: ReportGenerator will use for Parsing the separator: ','
2023-03-15 15:51:38,474 INFO o.a.j.r.d.ReportGenerator: Will only generate report from results file: C:\Users\avinash.jha\Downloads\apache-jmeter-5.5\apache-jmeter-5.5\bin\Result.csv
2023-03-15 15:51:38,475 INFO o.a.j.r.d.ReportGenerator: Reading report generator properties from: C:\Users\avinash.jha\Downloads\apache-jmeter-5.5\apache-jmeter-5.5\bin\reportgenerator.properties
2023-03-15 15:51:38,475 INFO o.a.j.r.d.ReportGenerator: Merging with JMeter properties
2023-03-15 15:51:38,480 INFO o.a.j.r.c.ReportGeneratorConfiguration: Property 'jmeter.reportgenerator.temp_dir' not found, using default value 'temp' instead.
2023-03-15 15:51:38,482 INFO o.a.j.r.c.ReportGeneratorConfiguration: Property 'jmeter.reportgenerator.apdex_per_transaction' not found, using default value 'null' instead.
2023-03-15 15:51:38,487 INFO o.a.j.r.c.ReportGeneratorConfiguration: apdex_per_transaction is empty, not APDEX per transaction customization
2023-03-15 15:51:38,488 INFO o.a.j.r.c.ReportGeneratorConfiguration: Property 'jmeter.reportgenerator.sample_filter' not found, using default value 'null' instead.
2023-03-15 15:51:38,488 INFO o.a.j.r.c.ReportGeneratorConfiguration: Property 'jmeter.reportgenerator.report_title' not found, using default value 'null' instead.
2023-03-15 15:51:38,488 INFO o.a.j.r.c.ReportGeneratorConfiguration: Property 'jmeter.reportgenerator.start_date' not found, using default value 'null' instead.
2023-03-15 15:51:38,488 INFO o.a.j.r.c.ReportGeneratorConfiguration: Property 'jmeter.reportgenerator.end_date' not found, using default value 'null' instead.
2023-03-15 15:51:38,488 INFO o.a.j.r.c.ReportGeneratorConfiguration: Property 'jmeter.reportgenerator.date_format' not found, using default value 'null' instead.
2023-03-15 15:51:38,496 INFO o.a.j.r.c.ReportGeneratorConfiguration: Will use date range start date: null, end date: null
2023-03-15 15:51:38,501 INFO o.a.j.r.c.ReportGeneratorConfiguration: Property 'jmeter.reportgenerator.graph.totalTPS.exclude_controllers' not found, using default value 'false' instead.
2023-03-15 15:51:38,501 INFO o.a.j.r.c.ReportGeneratorConfiguration: Property 'jmeter.reportgenerator.graph.activeThreadsOverTime.exclude_controllers' not found, using default value 'false' instead.
2023-03-15 15:51:38,502 INFO o.a.j.r.c.ReportGeneratorConfiguration: Property 'jmeter.reportgenerator.graph.timeVsThreads.exclude_controllers' not found, using default value 'false' instead.
2023-03-15 15:51:38,502 INFO o.a.j.r.c.ReportGeneratorConfiguration: Property 'jmeter.reportgenerator.graph.responseTimeDistribution.exclude_controllers' not found, using default value 'false' instead.
2023-03-15 15:51:38,502 INFO o.a.j.r.c.ReportGeneratorConfiguration: Property 'jmeter.reportgenerator.graph.transactionsPerSecond.exclude_controllers' not found, using default value 'false' instead.
2023-03-15 15:51:38,502 INFO o.a.j.r.c.ReportGeneratorConfiguration: Property 'jmeter.reportgenerator.graph.responseTimePercentiles.exclude_controllers' not found, using default value 'false' instead.
2023-03-15 15:51:38,502 INFO o.a.j.r.c.ReportGeneratorConfiguration: Property 'jmeter.reportgenerator.graph.responseTimePercentilesOverTime.exclude_controllers' not found, using default value 'false' instead.
2023-03-15 15:51:38,503 INFO o.a.j.r.c.ReportGeneratorConfiguration: Property 'jmeter.reportgenerator.graph.responseTimesOverTime.exclude_controllers' not found, using default value 'false' instead.
2023-03-15 15:51:38,503 INFO o.a.j.r.c.ReportGeneratorConfiguration: Property 'jmeter.reportgenerator.graph.connectTimeOverTime.exclude_controllers' not found, using default value 'false' instead.
2023-03-15 15:51:38,503 INFO o.a.j.r.c.ReportGeneratorConfiguration: Property 'jmeter.reportgenerator.graph.latenciesOverTime.exclude_controllers' not found, using default value 'false' instead.
2023-03-15 15:51:38,506 INFO o.a.j.r.c.ReportGeneratorConfiguration: Property 'jmeter.reportgenerator.exporter.json.filters_only_sample_series' not found, using default value 'true' instead.
2023-03-15 15:51:38,506 INFO o.a.j.r.c.ReportGeneratorConfiguration: Property 'jmeter.reportgenerator.exporter.json.series_filter' not found, using default value '' instead.
2023-03-15 15:51:38,506 INFO o.a.j.r.c.ReportGeneratorConfiguration: Property 'jmeter.reportgenerator.exporter.json.show_controllers_only' not found, using default value 'false' instead.
2023-03-15 15:51:38,507 INFO o.a.j.r.c.ReportGeneratorConfiguration: Property 'jmeter.reportgenerator.exporter.html.filters_only_sample_series' not found, using default value 'true' instead.
2023-03-15 15:51:38,507 INFO o.a.j.r.c.ReportGeneratorConfiguration: Property 'jmeter.reportgenerator.exporter.html.series_filter' not found, using default value '' instead.
2023-03-15 15:51:38,507 INFO o.a.j.r.c.ReportGeneratorConfiguration: Property 'jmeter.reportgenerator.exporter.html.show_controllers_only' not found, using default value 'false' instead.
2023-03-15 15:51:38,753 INFO o.a.j.s.SaveService: Testplan (JMX) version: 2.2. Testlog (JTL) version: 2.2
2023-03-15 15:51:38,776 INFO o.a.j.s.SaveService: Using SaveService properties version 5.0
2023-03-15 15:51:38,780 INFO o.a.j.s.SaveService: Using SaveService properties file encoding UTF-8
2023-03-15 15:51:38,803 INFO o.a.j.r.p.NormalizerSampleConsumer: Using format, 'ms', to parse timeStamp field
2023-03-15 15:51:39,176 INFO o.a.j.r.p.AbstractSampleConsumer: class org.apache.jmeter.report.processor.AggregateConsumer#stopProducing(): beginDate produced 0 samples
2023-03-15 15:51:39,176 INFO o.a.j.r.p.AbstractSampleConsumer: class org.apache.jmeter.report.processor.AggregateConsumer#stopProducing(): endDate produced 0 samples
2023-03-15 15:51:39,179 INFO o.a.j.r.p.AbstractSampleConsumer: class org.apache.jmeter.report.processor.ApdexSummaryConsumer#stopProducing(): apdexSummary produced 0 samples
2023-03-15 15:51:39,179 INFO o.a.j.r.p.AbstractSampleConsumer: class org.apache.jmeter.report.processor.RequestsSummaryConsumer#stopProducing(): requestsSummary produced 0 samples
2023-03-15 15:51:39,189 INFO o.a.j.r.p.AbstractSampleConsumer: class org.apache.jmeter.report.processor.StatisticsSummaryConsumer#stopProducing(): statisticsSummary produced 0 samples
2023-03-15 15:51:39,192 INFO o.a.j.r.p.AbstractSampleConsumer: class org.apache.jmeter.report.processor.Top5ErrorsBySamplerConsumer#stopProducing(): top5ErrorsBySampler produced 0 samples
2023-03-15 15:51:39,192 INFO o.a.j.r.p.AbstractSampleConsumer: class org.apache.jmeter.report.processor.ErrorsSummaryConsumer#stopProducing(): errorsSummary produced 0 samples
2023-03-15 15:51:39,192 INFO o.a.j.r.p.AbstractSampleConsumer: class org.apache.jmeter.report.processor.graph.impl.HitsPerSecondGraphConsumer#stopProducing(): hitsPerSecond produced 0 samples
2023-03-15 15:51:39,264 INFO o.a.j.r.p.AbstractSampleConsumer: class org.apache.jmeter.report.processor.graph.impl.LatencyVSRequestGraphConsumer#stopProducing(): latencyVsRequest produced 0 samples
2023-03-15 15:51:39,265 INFO o.a.j.r.p.AbstractSampleConsumer: class org.apache.jmeter.report.processor.graph.impl.SyntheticResponseTimeDistributionGraphConsumer#stopProducing(): syntheticResponseTimeDistribution produced 0 samples
2023-03-15 15:51:39,265 INFO o.a.j.r.p.AbstractSampleConsumer: class org.apache.jmeter.report.processor.graph.impl.BytesThroughputGraphConsumer#stopProducing(): bytesThroughputOverTime produced 0 samples
2023-03-15 15:51:39,265 INFO o.a.j.r.p.AbstractSampleConsumer: class org.apache.jmeter.report.processor.graph.impl.CodesPerSecondGraphConsumer#stopProducing(): codesPerSecond produced 0 samples
2023-03-15 15:51:39,313 INFO o.a.j.r.p.AbstractSampleConsumer: class org.apache.jmeter.report.processor.graph.impl.ResponseTimeVSRequestGraphConsumer#stopProducing(): responseTimeVsRequest produced 0 samples
2023-03-15 15:51:39,314 INFO o.a.j.r.p.AbstractSampleConsumer: class org.apache.jmeter.report.processor.FilterConsumer#stopProducing(): startIntervalControlerFilter produced 25760 samples
2023-03-15 15:51:39,315 INFO o.a.j.r.p.AbstractSampleConsumer: class org.apache.jmeter.report.processor.graph.impl.TotalTPSGraphConsumer#stopProducing(): totalTPS produced 0 samples
2023-03-15 15:51:39,315 INFO o.a.j.r.p.AbstractSampleConsumer: class org.apache.jmeter.report.processor.graph.impl.ActiveThreadsGraphConsumer#stopProducing(): activeThreadsOverTime produced 0 samples
2023-03-15 15:51:39,315 INFO o.a.j.r.p.AbstractSampleConsumer: class org.apache.jmeter.report.processor.graph.impl.TimeVSThreadGraphConsumer#stopProducing(): timeVsThreads produced 0 samples
2023-03-15 15:51:39,317 INFO o.a.j.r.p.AbstractSampleConsumer: class org.apache.jmeter.report.processor.graph.impl.ResponseTimeDistributionGraphConsumer#stopProducing(): responseTimeDistribution produced 0 samples
2023-03-15 15:51:39,318 INFO o.a.j.r.p.AbstractSampleConsumer: class org.apache.jmeter.report.processor.graph.impl.TransactionsPerSecondGraphConsumer#stopProducing(): transactionsPerSecond produced 0 samples
2023-03-15 15:51:39,319 INFO o.a.j.r.p.AbstractSampleConsumer: class org.apache.jmeter.report.processor.graph.impl.ResponseTimePercentilesGraphConsumer#stopProducing(): responseTimePercentiles produced 0 samples
2023-03-15 15:51:39,327 INFO o.a.j.r.p.AbstractSampleConsumer: class org.apache.jmeter.report.processor.graph.impl.ResponseTimePercentilesOverTimeGraphConsumer#stopProducing(): responseTimePercentilesOverTime produced 0 samples
2023-03-15 15:51:39,328 INFO o.a.j.r.p.AbstractSampleConsumer: class org.apache.jmeter.report.processor.graph.impl.ResponseTimeOverTimeGraphConsumer#stopProducing(): responseTimesOverTime produced 0 samples
2023-03-15 15:51:39,328 INFO o.a.j.r.p.AbstractSampleConsumer: class org.apache.jmeter.report.processor.graph.impl.ConnectTimeOverTimeGraphConsumer#stopProducing(): connectTimeOverTime produced 0 samples
2023-03-15 15:51:39,328 INFO o.a.j.r.p.AbstractSampleConsumer: class org.apache.jmeter.report.processor.graph.impl.LatencyOverTimeGraphConsumer#stopProducing(): latenciesOverTime produced 0 samples
2023-03-15 15:51:39,329 INFO o.a.j.r.p.AbstractSampleConsumer: class org.apache.jmeter.report.processor.FilterConsumer#stopProducing(): nameFilter produced 56400 samples
2023-03-15 15:51:39,329 INFO o.a.j.r.p.AbstractSampleConsumer: class org.apache.jmeter.report.processor.FilterConsumer#stopProducing(): dateRangeFilter produced 11280 samples
2023-03-15 15:51:39,329 INFO o.a.j.r.p.AbstractSampleConsumer: class org.apache.jmeter.report.processor.NormalizerSampleConsumer#stopProducing(): normalizer produced 3760 samples
2023-03-15 15:51:39,330 INFO o.a.j.r.p.CsvFileSampleSource: produce(): 3760 samples produced in 501ms on channel 0
2023-03-15 15:51:39,330 INFO o.a.j.r.d.ReportGenerator: Exporting data using exporter:'json' of className:'org.apache.jmeter.report.dashboard.JsonExporter'
2023-03-15 15:51:39,438 INFO o.a.j.r.d.JsonExporter: Found data for consumer statisticsSummary in context
2023-03-15 15:51:39,439 INFO o.a.j.r.d.JsonExporter: Creating statistics for overall
2023-03-15 15:51:39,439 INFO o.a.j.r.d.JsonExporter: Creating statistics for other transactions
2023-03-15 15:51:39,440 INFO o.a.j.r.d.JsonExporter: Checking output folder
2023-03-15 15:51:39,440 INFO o.a.j.r.d.JsonExporter: Writing statistics JSON to C:\Users\avinash.jha\Downloads\apache-jmeter-5.5\apache-jmeter-5.5\bin\Reports\statistics.json
2023-03-15 15:51:39,493 INFO o.a.j.r.d.ReportGenerator: Exporting data using exporter:'html' of className:'org.apache.jmeter.report.dashboard.HtmlTemplateExporter'
2023-03-15 15:51:39,497 INFO o.a.j.r.d.HtmlTemplateExporter: Will generate dashboard in folder: C:\Users\avinash.jha\Downloads\apache-jmeter-5.5\apache-jmeter-5.5\bin\Reports
2023-03-15 15:51:39,671 INFO o.a.j.r.d.HtmlTemplateExporter: Report will be generated in: C:\Users\avinash.jha\Downloads\apache-jmeter-5.5\apache-jmeter-5.5\bin\Reports, creating folder structure
2023-03-15 15:51:39,675 INFO o.a.j.r.d.TemplateVisitor: Copying folder from 'C:\Users\avinash.jha\Downloads\apache-jmeter-5.5\apache-jmeter-5.5\bin\report-template' to 'C:\Users\avinash.jha\Downloads\apache-jmeter-5.5\apache-jmeter-5.5\bin\Reports', got message: C:\Users\avinash.jha\Downloads\apache-jmeter-5.5\apache-jmeter-5.5\bin\Reports, found non empty folder with following content [C:\Users\avinash.jha\Downloads\apache-jmeter-5.5\apache-jmeter-5.5\bin\Reports\statistics.json], will be ignored
