2023-02-14 21:36:20,745 INFO o.a.j.u.JMeterUtils: Setting Locale to en_IN
2023-02-14 21:36:20,761 INFO o.a.j.JMeter: Loading user properties from: user.properties
2023-02-14 21:36:20,761 INFO o.a.j.JMeter: Loading system properties from: system.properties
2023-02-14 21:36:20,761 INFO o.a.j.JMeter: Copyright (c) 1998-2022 The Apache Software Foundation
2023-02-14 21:36:20,761 INFO o.a.j.JMeter: Version 5.5
2023-02-14 21:36:20,761 INFO o.a.j.JMeter: java.version=17.0.6
2023-02-14 21:36:20,761 INFO o.a.j.JMeter: java.vm.name=Java HotSpot(TM) 64-Bit Server VM
2023-02-14 21:36:20,761 INFO o.a.j.JMeter: os.name=Windows 10
2023-02-14 21:36:20,761 INFO o.a.j.JMeter: os.arch=amd64
2023-02-14 21:36:20,761 INFO o.a.j.JMeter: os.version=10.0
2023-02-14 21:36:20,761 INFO o.a.j.JMeter: file.encoding=Cp1252
2023-02-14 21:36:20,761 INFO o.a.j.JMeter: java.awt.headless=null
2023-02-14 21:36:20,761 INFO o.a.j.JMeter: Max memory     =4190109696
2023-02-14 21:36:20,761 INFO o.a.j.JMeter: Available Processors =12
2023-02-14 21:36:20,776 INFO o.a.j.JMeter: Default Locale=English (India)
2023-02-14 21:36:20,776 INFO o.a.j.JMeter: JMeter  Locale=English (India)
2023-02-14 21:36:20,776 INFO o.a.j.JMeter: JMeterHome=C:\Users\avinash.jha\Downloads\apache-jmeter-5.5\apache-jmeter-5.5
2023-02-14 21:36:20,776 INFO o.a.j.JMeter: user.dir  =C:\Users\avinash.jha\Downloads\apache-jmeter-5.5\apache-jmeter-5.5\bin
2023-02-14 21:36:20,776 INFO o.a.j.JMeter: PWD       =C:\Users\avinash.jha\Downloads\apache-jmeter-5.5\apache-jmeter-5.5\bin
2023-02-14 21:36:25,358 INFO o.a.j.JMeter: IP: 192.168.225.121 Name: NDI-LAP-003 FullName: NDI-LAP-003.3pillar.corp
2023-02-14 21:36:25,358 INFO o.a.j.JMeter: Loaded icon properties from org/apache/jmeter/images/icon.properties
2023-02-14 21:36:25,501 INFO o.a.j.JMeterGuiLauncher: Setting LAF to: com.github.weisj.darklaf.DarkLaf:com.github.weisj.darklaf.theme.DarculaTheme
2023-02-14 21:36:26,753 INFO o.j.r.JARSourceHTTP: Requesting https://jmeter-plugins.org/repo/?installID=windows_10-c186b26a8ca9db36ac2f6cba32c30e3b-gui
2023-02-14 21:36:27,717 INFO o.a.j.JMeterGuiLauncher: Loading file: C:\Users\avinash.jha\Downloads\Cura-Healthcare1.jmx
2023-02-14 21:36:27,733 INFO o.a.j.s.FileServer: Default base='C:\Users\avinash.jha\Downloads\apache-jmeter-5.5\apache-jmeter-5.5\bin'
2023-02-14 21:36:27,733 INFO o.a.j.s.FileServer: Set new base='C:\Users\avinash.jha\Downloads'
2023-02-14 21:36:27,895 INFO o.a.j.s.SaveService: Testplan (JMX) version: 2.2. Testlog (JTL) version: 2.2
2023-02-14 21:36:27,895 INFO o.a.j.s.SaveService: Using SaveService properties version 5.0
2023-02-14 21:36:27,895 INFO o.a.j.s.SaveService: Using SaveService properties file encoding UTF-8
2023-02-14 21:36:27,895 INFO o.a.j.s.SaveService: Loading file: C:\Users\avinash.jha\Downloads\Cura-Healthcare1.jmx
2023-02-14 21:36:27,995 INFO o.a.j.p.h.c.CookieManager: Settings: Delete null: true Check: true Allow variable: true Save: false Prefix: COOKIE_
2023-02-14 21:36:27,995 INFO o.a.j.p.h.c.CacheManager: Will only cache the following methods: [GET]
2023-02-14 21:36:27,995 INFO o.a.j.p.h.s.HTTPSamplerBase: Parser for text/html is org.apache.jmeter.protocol.http.parser.LagartoBasedHtmlParser
2023-02-14 21:36:27,995 INFO o.a.j.p.h.s.HTTPSamplerBase: Parser for application/xhtml+xml is org.apache.jmeter.protocol.http.parser.LagartoBasedHtmlParser
2023-02-14 21:36:27,995 INFO o.a.j.p.h.s.HTTPSamplerBase: Parser for application/xml is org.apache.jmeter.protocol.http.parser.LagartoBasedHtmlParser
2023-02-14 21:36:27,995 INFO o.a.j.p.h.s.HTTPSamplerBase: Parser for text/xml is org.apache.jmeter.protocol.http.parser.LagartoBasedHtmlParser
2023-02-14 21:36:27,995 INFO o.a.j.p.h.s.HTTPSamplerBase: Parser for text/vnd.wap.wml is org.apache.jmeter.protocol.http.parser.RegexpHTMLParser
2023-02-14 21:36:27,995 INFO o.a.j.p.h.s.HTTPSamplerBase: Parser for text/css is org.apache.jmeter.protocol.http.parser.CssParser
2023-02-14 21:36:28,049 INFO o.a.j.s.FileServer: Set new base='C:\Users\avinash.jha\Downloads'
2023-02-14 21:36:28,280 INFO o.a.j.s.SampleResult: Note: Sample TimeStamps are START times
2023-02-14 21:36:28,280 INFO o.a.j.s.SampleResult: sampleresult.default.encoding is set to ISO-8859-1
2023-02-14 21:36:28,280 INFO o.a.j.s.SampleResult: sampleresult.useNanoTime=true
2023-02-14 21:36:28,280 INFO o.a.j.s.SampleResult: sampleresult.nanoThreadSleep=5000
2023-02-14 21:36:28,381 INFO o.a.j.v.ViewResultsFullVisualizer: Add JavaFX to your Java installation if you want to use renderer: org.apache.jmeter.visualizers.RenderInBrowser
2023-02-14 21:36:30,741 INFO o.j.r.PluginManager: Plugins Status: [jpgc-graphs-basic=2.0, jpgc-graphs-additional=2.0, jpgc-casutg=2.10, jpgc-plugins-manager=1.8, jmeter-core=5.5, jmeter-ftp=5.5, jmeter-http=5.5, jmeter-jdbc=5.5, jmeter-jms=5.5, jmeter-junit=5.5, jmeter-java=5.5, jmeter-ldap=5.5, jmeter-mail=5.5, jmeter-mongodb=5.5, jmeter-native=5.5, jmeter-tcp=5.5, jmeter-components=5.5]
2023-02-14 21:37:56,981 INFO o.a.j.e.StandardJMeterEngine: Running the test!
2023-02-14 21:37:56,981 INFO o.a.j.s.SampleEvent: List of sample_variables: []
2023-02-14 21:37:56,981 INFO o.a.j.s.SampleEvent: List of sample_variables: []
2023-02-14 21:37:56,981 INFO o.a.j.e.u.CompoundVariable: Note: Function class names must contain the string: '.functions.'
2023-02-14 21:37:56,981 INFO o.a.j.e.u.CompoundVariable: Note: Function class names must not contain the string: '.gui.'
2023-02-14 21:37:57,012 INFO o.a.j.g.u.JMeterMenuBar: setRunning(true, *local*)
2023-02-14 21:37:57,050 INFO o.a.j.e.StandardJMeterEngine: Starting ThreadGroup: 1 : Thread Group
2023-02-14 21:37:57,050 INFO o.a.j.e.StandardJMeterEngine: Starting 2 threads for group Thread Group.
2023-02-14 21:37:57,050 INFO o.a.j.e.StandardJMeterEngine: Thread will continue on error
2023-02-14 21:37:57,050 INFO o.a.j.t.ThreadGroup: Starting thread group... number=1 threads=2 ramp-up=1 delayedStart=false
2023-02-14 21:37:57,050 INFO o.a.j.t.ThreadGroup: Started thread group number 1
2023-02-14 21:37:57,050 INFO o.a.j.e.StandardJMeterEngine: All thread groups have been started
2023-02-14 21:37:57,062 INFO o.a.j.t.JMeterThread: Thread started: Thread Group 1-1
2023-02-14 21:37:57,062 INFO o.a.j.s.FileServer: Stored: C:/Users/avinash.jha/Downloads/apache-jmeter-5.5/apache-jmeter-5.5/bin/Data.csv
2023-02-14 21:37:57,062 INFO o.a.j.p.h.s.HTTPHCAbstractImpl: Local host = NDI-LAP-003
2023-02-14 21:37:57,062 INFO o.a.j.p.h.s.HTTPHC4Impl: HTTP request retry count = 0
2023-02-14 21:37:57,198 INFO o.a.j.p.h.s.h.LazyLayeredConnectionSocketFactory: Setting up HTTPS TrustAll Socket Factory
2023-02-14 21:37:57,198 INFO o.a.j.u.JsseSSLManager: Using default SSL protocol: TLS
2023-02-14 21:37:57,198 INFO o.a.j.u.JsseSSLManager: SSL session context: per-thread
2023-02-14 21:37:57,568 INFO o.a.j.t.JMeterThread: Thread started: Thread Group 1-2
2023-02-14 21:37:57,583 INFO o.a.j.u.SSLManager: JmeterKeyStore Location:  type JKS
2023-02-14 21:37:57,583 INFO o.a.j.u.SSLManager: KeyStore created OK
2023-02-14 21:37:57,583 WARN o.a.j.u.SSLManager: Keystore file not found, loading empty keystore
2023-02-14 21:37:58,812 INFO o.a.j.p.h.p.BaseParser: Created org.apache.jmeter.protocol.http.parser.LagartoBasedHtmlParser
2023-02-14 21:37:58,856 INFO o.a.j.p.h.s.ResourcesDownloader: Creating ResourcesDownloader with keepalive_inseconds : 60
2023-02-14 21:37:59,844 INFO o.a.j.p.h.p.BaseParser: Created org.apache.jmeter.protocol.http.parser.CssParser
2023-02-14 21:38:08,157 INFO o.a.j.g.a.Start: Stopping test
2023-02-14 21:38:08,162 INFO o.a.j.t.JMeterThread: Stopping: Thread Group 1-1
2023-02-14 21:38:08,162 INFO o.a.j.t.JMeterThread: Stopping: Thread Group 1-2
2023-02-14 21:38:08,163 WARN o.a.j.t.JMeterThread: Interrupting: Thread Group 1-2 sampler: Login
2023-02-14 21:38:08,163 WARN o.a.j.t.JMeterThread: The delay timer was interrupted - probably did not wait as long as intended.
2023-02-14 21:38:08,163 WARN o.a.j.t.JMeterThread: No operation pending
2023-02-14 21:38:08,163 INFO o.a.j.t.JMeterThread: Thread finished: Thread Group 1-1
2023-02-14 21:38:08,163 WARN o.a.j.p.h.s.HTTPSamplerBase: Interrupted fetching embedded resources
java.lang.InterruptedException: null
	at java.util.concurrent.locks.AbstractQueuedSynchronizer$ConditionObject.await(AbstractQueuedSynchronizer.java:1638) ~[?:?]
	at java.util.concurrent.LinkedBlockingQueue.take(LinkedBlockingQueue.java:435) ~[?:?]
	at java.util.concurrent.ExecutorCompletionService.take(ExecutorCompletionService.java:200) ~[?:?]
	at org.apache.jmeter.protocol.http.sampler.ResourcesDownloader.invokeAllAndAwaitTermination(ResourcesDownloader.java:192) ~[ApacheJMeter_http.jar:5.5]
	at org.apache.jmeter.protocol.http.sampler.HTTPSamplerBase.downloadPageResources(HTTPSamplerBase.java:1451) ~[ApacheJMeter_http.jar:5.5]
	at org.apache.jmeter.protocol.http.sampler.HTTPSamplerBase.resultProcessing(HTTPSamplerBase.java:1787) ~[ApacheJMeter_http.jar:5.5]
	at org.apache.jmeter.protocol.http.sampler.HTTPAbstractImpl.resultProcessing(HTTPAbstractImpl.java:555) ~[ApacheJMeter_http.jar:5.5]
	at org.apache.jmeter.protocol.http.sampler.HTTPHC4Impl.sample(HTTPHC4Impl.java:737) ~[ApacheJMeter_http.jar:5.5]
	at org.apache.jmeter.protocol.http.sampler.HTTPSamplerProxy.sample(HTTPSamplerProxy.java:66) ~[ApacheJMeter_http.jar:5.5]
	at org.apache.jmeter.protocol.http.sampler.HTTPSamplerBase.sample(HTTPSamplerBase.java:1301) ~[ApacheJMeter_http.jar:5.5]
	at org.apache.jmeter.protocol.http.sampler.HTTPSamplerBase.sample(HTTPSamplerBase.java:1290) ~[ApacheJMeter_http.jar:5.5]
	at org.apache.jmeter.threads.JMeterThread.doSampling(JMeterThread.java:651) ~[ApacheJMeter_core.jar:5.5]
	at org.apache.jmeter.threads.JMeterThread.executeSamplePackage(JMeterThread.java:570) ~[ApacheJMeter_core.jar:5.5]
	at org.apache.jmeter.threads.JMeterThread.processSampler(JMeterThread.java:501) ~[ApacheJMeter_core.jar:5.5]
	at org.apache.jmeter.threads.JMeterThread.run(JMeterThread.java:268) ~[ApacheJMeter_core.jar:5.5]
	at java.lang.Thread.run(Thread.java:833) ~[?:?]
2023-02-14 21:38:08,164 INFO o.a.j.t.JMeterThread: Thread finished: Thread Group 1-2
2023-02-14 21:38:08,170 INFO o.a.j.e.StandardJMeterEngine: Notifying test listeners of end of test
2023-02-14 21:38:08,170 INFO o.a.j.s.FileServer: Close: C:/Users/avinash.jha/Downloads/apache-jmeter-5.5/apache-jmeter-5.5/bin/Data.csv
2023-02-14 21:38:08,170 INFO o.a.j.g.u.JMeterMenuBar: setRunning(false, *local*)
2023-02-14 21:38:29,222 INFO o.a.j.e.StandardJMeterEngine: Running the test!
2023-02-14 21:38:29,222 INFO o.a.j.s.SampleEvent: List of sample_variables: []
2023-02-14 21:38:29,222 INFO o.a.j.g.u.JMeterMenuBar: setRunning(true, *local*)
2023-02-14 21:38:29,253 INFO o.a.j.e.StandardJMeterEngine: Starting ThreadGroup: 1 : Thread Group
2023-02-14 21:38:29,253 INFO o.a.j.e.StandardJMeterEngine: Starting 2 threads for group Thread Group.
2023-02-14 21:38:29,253 INFO o.a.j.e.StandardJMeterEngine: Thread will continue on error
2023-02-14 21:38:29,253 INFO o.a.j.t.ThreadGroup: Starting thread group... number=1 threads=2 ramp-up=1 delayedStart=false
2023-02-14 21:38:29,253 INFO o.a.j.t.ThreadGroup: Started thread group number 1
2023-02-14 21:38:29,253 INFO o.a.j.e.StandardJMeterEngine: All thread groups have been started
2023-02-14 21:38:29,253 INFO o.a.j.t.JMeterThread: Thread started: Thread Group 1-1
2023-02-14 21:38:29,253 INFO o.a.j.s.FileServer: Stored: C:/Users/avinash.jha/Downloads/apache-jmeter-5.5/apache-jmeter-5.5/bin/Data.csv
2023-02-14 21:38:29,766 INFO o.a.j.t.JMeterThread: Thread started: Thread Group 1-2
2023-02-14 21:41:04,693 INFO o.a.j.g.a.Start: Stopping test
2023-02-14 21:41:04,705 INFO o.a.j.t.JMeterThread: Stopping: Thread Group 1-1
2023-02-14 21:41:04,705 WARN o.a.j.t.JMeterThread: Interrupting: Thread Group 1-1 sampler: Login
2023-02-14 21:41:04,705 WARN o.a.j.t.JMeterThread: No operation pending
2023-02-14 21:41:04,705 INFO o.a.j.t.JMeterThread: Stopping: Thread Group 1-2
2023-02-14 21:41:04,706 WARN o.a.j.t.JMeterThread: The delay timer was interrupted - probably did not wait as long as intended.
2023-02-14 21:41:04,706 INFO o.a.j.t.JMeterThread: Thread finished: Thread Group 1-2
2023-02-14 21:41:04,706 WARN o.a.j.p.h.s.HTTPSamplerBase: Interrupted fetching embedded resources
java.lang.InterruptedException: null
	at java.util.concurrent.locks.AbstractQueuedSynchronizer$ConditionObject.await(AbstractQueuedSynchronizer.java:1638) ~[?:?]
	at java.util.concurrent.LinkedBlockingQueue.take(LinkedBlockingQueue.java:435) ~[?:?]
	at java.util.concurrent.ExecutorCompletionService.take(ExecutorCompletionService.java:200) ~[?:?]
	at org.apache.jmeter.protocol.http.sampler.ResourcesDownloader.invokeAllAndAwaitTermination(ResourcesDownloader.java:192) ~[ApacheJMeter_http.jar:5.5]
	at org.apache.jmeter.protocol.http.sampler.HTTPSamplerBase.downloadPageResources(HTTPSamplerBase.java:1451) ~[ApacheJMeter_http.jar:5.5]
	at org.apache.jmeter.protocol.http.sampler.HTTPSamplerBase.resultProcessing(HTTPSamplerBase.java:1787) ~[ApacheJMeter_http.jar:5.5]
	at org.apache.jmeter.protocol.http.sampler.HTTPAbstractImpl.resultProcessing(HTTPAbstractImpl.java:555) ~[ApacheJMeter_http.jar:5.5]
	at org.apache.jmeter.protocol.http.sampler.HTTPHC4Impl.sample(HTTPHC4Impl.java:737) ~[ApacheJMeter_http.jar:5.5]
	at org.apache.jmeter.protocol.http.sampler.HTTPSamplerProxy.sample(HTTPSamplerProxy.java:66) ~[ApacheJMeter_http.jar:5.5]
	at org.apache.jmeter.protocol.http.sampler.HTTPSamplerBase.sample(HTTPSamplerBase.java:1301) ~[ApacheJMeter_http.jar:5.5]
	at org.apache.jmeter.protocol.http.sampler.HTTPSamplerBase.sample(HTTPSamplerBase.java:1290) ~[ApacheJMeter_http.jar:5.5]
	at org.apache.jmeter.threads.JMeterThread.doSampling(JMeterThread.java:651) ~[ApacheJMeter_core.jar:5.5]
	at org.apache.jmeter.threads.JMeterThread.executeSamplePackage(JMeterThread.java:570) ~[ApacheJMeter_core.jar:5.5]
	at org.apache.jmeter.threads.JMeterThread.processSampler(JMeterThread.java:501) ~[ApacheJMeter_core.jar:5.5]
	at org.apache.jmeter.threads.JMeterThread.run(JMeterThread.java:268) ~[ApacheJMeter_core.jar:5.5]
	at java.lang.Thread.run(Thread.java:833) ~[?:?]
2023-02-14 21:41:04,706 INFO o.a.j.t.JMeterThread: Thread finished: Thread Group 1-1
2023-02-14 21:41:04,706 INFO o.a.j.e.StandardJMeterEngine: Notifying test listeners of end of test
2023-02-14 21:41:04,706 INFO o.a.j.s.FileServer: Close: C:/Users/avinash.jha/Downloads/apache-jmeter-5.5/apache-jmeter-5.5/bin/Data.csv
2023-02-14 21:41:04,706 INFO o.a.j.g.u.JMeterMenuBar: setRunning(false, *local*)
